2018-01-19 01:19:00,148 INFO  [Log] Search box found and parameter is provided 
2018-01-19 01:19:28,864 INFO  [Log] Search box found and parameter is provided 
2018-01-19 01:58:52,276 INFO  [Log] Search box found and parameter is provided 
2018-01-19 01:59:46,758 INFO  [Log] Search box found and parameter is provided 
2018-01-19 02:00:52,373 INFO  [Log] Search box found and parameter is provided 
2018-01-19 02:07:03,805 INFO  [Log] Search box found and parameter is provided 
2018-01-19 02:07:53,905 INFO  [Log] Search box found and parameter is provided 
2018-01-19 02:17:35,159 INFO  [Log] Search box found and parameter is provided 
2018-01-19 02:17:37,350 INFO  [Log] Search Result found and selected 
2018-01-19 02:18:32,478 INFO  [Log] Search box found and parameter is provided 
2018-01-19 02:18:34,685 INFO  [Log] Search Result found and selected 
2018-01-19 02:19:22,232 INFO  [Log] Search box found and parameter is provided 
2018-01-19 02:19:22,666 INFO  [Log] Search result selected 
2018-01-19 02:19:25,941 INFO  [Log] Create Group Option Found and Selected 
2018-01-19 02:19:26,065 INFO  [Log] $10 Amount found and selected 
2018-01-19 02:19:26,178 INFO  [Log] Create Group Order Button Found and Clicked 
2018-01-19 02:19:26,707 INFO  [Log] Share Button found and Clicked 
2018-01-19 02:19:29,807 INFO  [Log] Code Obtained and Printed 
2018-01-19 02:21:13,534 INFO  [Log] Search box found and parameter is provided 
2018-01-19 02:21:14,070 INFO  [Log] Search result selected 
2018-01-19 02:21:18,014 INFO  [Log] Create Group Option Found and Selected 
2018-01-19 02:21:18,148 INFO  [Log] $10 Amount found and selected 
2018-01-19 02:21:18,290 INFO  [Log] Create Group Order Button Found and Clicked 
2018-01-19 02:21:18,895 INFO  [Log] Share Button found and Clicked 
2018-01-19 02:21:22,044 INFO  [Log] Code Obtained and Printed 
2018-01-19 02:22:44,039 INFO  [Log] Search box found and parameter is provided 
2018-01-19 02:22:44,564 INFO  [Log] Search result selected 
2018-01-19 02:22:47,388 INFO  [Log] Create Group Option Found and Selected 
2018-01-19 02:22:47,582 INFO  [Log] $10 Amount found and selected 
2018-01-19 02:22:47,754 INFO  [Log] Create Group Order Button Found and Clicked 
2018-01-19 02:22:48,296 INFO  [Log] Share Button found and Clicked 
2018-01-19 02:22:51,397 INFO  [Log] Code Obtained and Printed 
2018-01-19 02:26:07,129 INFO  [Log] Search box found and parameter is provided 
2018-01-19 02:28:04,043 INFO  [Log] Search box found and parameter is provided 
2018-01-19 02:28:04,637 INFO  [Log] Search result selected 
2018-01-19 02:28:06,223 INFO  [Log] Milk Shake selected and clicked in the menu 
2018-01-19 02:28:09,345 INFO  [Log] Strawberry radio button found and selected 
2018-01-19 02:28:12,478 INFO  [Log] Add to order button found and clicked 
